<?xml version="1.0" encoding="UTF-8"?>
<!-- Generated by org.testng.reporters.JUnitXMLReporter -->
<testsuite ignored="0" hostname="Sahni12" failures="0" tests="3" name="Default test" time="6.713" errors="0" timestamp="2024-04-17T09:46:27 CDT">
  <testcase classname="testCases.CreateAccount" name="createAccount" time="3.533"/>
  <testcase classname="testCases.CreateAccount" name="getAllAccounts" time="2.138"/>
  <testcase classname="testCases.CreateAccount" name="getAccountDetails" time="1.01"/>
</testsuite> <!-- Default test -->
